
--------------------------------------------------
TXLib соболезнует...

Программа: C:\Елаев Александр\Игра №1 (Сталкер)\Игра №1\bin\Debug\Игра №1.exe, файл: c:\codeblocks\codeblocks\mingw\include\txlib.h, строка: 13751, функция: bool {anonymous}::TX::txTransparentBlt(HDC, double, double, double, double, HDC, double, double, COLORREF),

Сообщение: Параметр "sourceImage" неверен. Возможно, этот холст не создан, или уже уничтожен, или не загрузилась картинка.

#1: TXLib [Ver: 00173a, Rev: 173, Date: 2024-06-23 22:37:05 +0400], Instance: 0x005082FC (32-bit), Flags: CMdRe0, Thread: 0x2680 (Main), GetLastError(): 13 (Недопустимые данные). 

--------------------------------------------------
Стек вызовов:



--------------------------------------------------
Стек вызовов TX:

# 0 in bool {anonymous}::TX::txTransparentBlt(HDC, double, double, double, double, HDC, double, double, COLORREF) at c:\codeblocks\codeblocks\mingw\include\txlib.h:13751:

  13749: 
  13750: $1  if (_TX_HDC_FAILED (destImage))   return false;
=>13751: $   if (_TX_HDC_FAILED (sourceImage)) return false;
  13752: 
  13753:     // Это автоматическое определение размеров картинки (точнее, HDC источника - source) с помощью txGetExtent().

# 1 in void Stalker::draw() at C:\Елаев Александр\Игра №1 (Сталкер)\Игра №1\main.cpp:41:

     39: 
     40: 
=>   41:     txTransparentBlt(txDC(), x, y, w, h, image);
     42: 
     43: 

--------------------------------------------------
Developed with:

The Dumb Artist Library (TX Library)
TXLib [Ver: 00173a, Rev: 173, Date: 2024-06-23 22:37:05 +0400]
Copyright (C) Ded (Ilya Dedinsky, http://txlib.ru) <mail@txlib.ru>
See license on: http://txlib.ru

TXLib file:	c:\codeblocks\codeblocks\mingw\include\txlib.h
Compiled:	Jan 23 2025 09:08:16, GNU g++ 4.8.1, std=201103L, MinGW Runtime 3.20, 32-bit, DEBUG
Started:	Jan 23 2025 09:08:33

Run file:	C:\Елаев Александр\Игра №1 (Сталкер)\Игра №1\bin\Debug\Игра №1.exe
Directory:	C:\Елаев Александр\Игра №1 (Сталкер)\Игра №1

--------------------------------------------------

--------------------------------------------------
TXLib соболезнует...

Программа: C:\Елаев Александр\Игра №1 (Сталкер)\Игра №1\bin\Debug\Игра №1.exe, файл: c:\codeblocks\codeblocks\mingw\include\txlib.h, строка: 13751, функция: bool {anonymous}::TX::txTransparentBlt(HDC, double, double, double, double, HDC, double, double, COLORREF),

Сообщение: Параметр "sourceImage" неверен. Возможно, этот холст не создан, или уже уничтожен, или не загрузилась картинка.

#1: TXLib [Ver: 00173a, Rev: 173, Date: 2024-06-23 22:37:05 +0400], Instance: 0x005082FC (32-bit), Flags: CMdRe0, Thread: 0x1CB4 (Main), GetLastError(): 13 (Недопустимые данные). 

--------------------------------------------------
Стек вызовов:



--------------------------------------------------
Стек вызовов TX:

# 0 in bool {anonymous}::TX::txTransparentBlt(HDC, double, double, double, double, HDC, double, double, COLORREF) at c:\codeblocks\codeblocks\mingw\include\txlib.h:13751:

  13749: 
  13750: $1  if (_TX_HDC_FAILED (destImage))   return false;
=>13751: $   if (_TX_HDC_FAILED (sourceImage)) return false;
  13752: 
  13753:     // Это автоматическое определение размеров картинки (точнее, HDC источника - source) с помощью txGetExtent().

# 1 in void Stalker::draw() at C:\Елаев Александр\Игра №1 (Сталкер)\Игра №1\main.cpp:41:

     39: 
     40: 
=>   41:     txTransparentBlt(txDC(), x, y, w, h, image);
     42: 
     43: 

--------------------------------------------------
Developed with:

The Dumb Artist Library (TX Library)
TXLib [Ver: 00173a, Rev: 173, Date: 2024-06-23 22:37:05 +0400]
Copyright (C) Ded (Ilya Dedinsky, http://txlib.ru) <mail@txlib.ru>
See license on: http://txlib.ru

TXLib file:	c:\codeblocks\codeblocks\mingw\include\txlib.h
Compiled:	Jan 23 2025 09:10:33, GNU g++ 4.8.1, std=201103L, MinGW Runtime 3.20, 32-bit, DEBUG
Started:	Jan 23 2025 09:10:52

Run file:	C:\Елаев Александр\Игра №1 (Сталкер)\Игра №1\bin\Debug\Игра №1.exe
Directory:	C:\Елаев Александр\Игра №1 (Сталкер)\Игра №1

--------------------------------------------------

--------------------------------------------------
TXLib соболезнует...

Программа: C:\Елаев Александр\Игра №1 (Сталкер)\Игра №1\bin\Debug\Игра №1.exe, файл: c:\codeblocks\codeblocks\mingw\include\txlib.h, строка: 13751, функция: bool {anonymous}::TX::txTransparentBlt(HDC, double, double, double, double, HDC, double, double, COLORREF),

Сообщение: Параметр "sourceImage" неверен. Возможно, этот холст не создан, или уже уничтожен, или не загрузилась картинка.

#1: TXLib [Ver: 00173a, Rev: 173, Date: 2024-06-23 22:37:05 +0400], Instance: 0x005082FC (32-bit), Flags: CMdRe0, Thread: 0x14D4 (Main), GetLastError(): 13 (Недопустимые данные). 

--------------------------------------------------
Стек вызовов:



--------------------------------------------------
Стек вызовов TX:

# 0 in bool {anonymous}::TX::txTransparentBlt(HDC, double, double, double, double, HDC, double, double, COLORREF) at c:\codeblocks\codeblocks\mingw\include\txlib.h:13751:

  13749: 
  13750: $1  if (_TX_HDC_FAILED (destImage))   return false;
=>13751: $   if (_TX_HDC_FAILED (sourceImage)) return false;
  13752: 
  13753:     // Это автоматическое определение размеров картинки (точнее, HDC источника - source) с помощью txGetExtent().

# 1 in void Stalker::draw() at C:\Елаев Александр\Игра №1 (Сталкер)\Игра №1\main.cpp:41:

     39: 
     40: 
=>   41:     txTransparentBlt(txDC(), x, y, w, h, image);
     42: 
     43: 

--------------------------------------------------
Developed with:

The Dumb Artist Library (TX Library)
TXLib [Ver: 00173a, Rev: 173, Date: 2024-06-23 22:37:05 +0400]
Copyright (C) Ded (Ilya Dedinsky, http://txlib.ru) <mail@txlib.ru>
See license on: http://txlib.ru

TXLib file:	c:\codeblocks\codeblocks\mingw\include\txlib.h
Compiled:	Jan 23 2025 09:11:21, GNU g++ 4.8.1, std=201103L, MinGW Runtime 3.20, 32-bit, DEBUG
Started:	Jan 23 2025 09:11:40

Run file:	C:\Елаев Александр\Игра №1 (Сталкер)\Игра №1\bin\Debug\Игра №1.exe
Directory:	C:\Елаев Александр\Игра №1 (Сталкер)\Игра №1

--------------------------------------------------

--------------------------------------------------
TXLib соболезнует...

Программа: C:\Елаев Александр\Игра №1 (Сталкер)\Игра №1\bin\Debug\Игра №1.exe, файл: c:\codeblocks\codeblocks\mingw\include\txlib.h, строка: 13751, функция: bool {anonymous}::TX::txTransparentBlt(HDC, double, double, double, double, HDC, double, double, COLORREF),

Сообщение: Параметр "sourceImage" неверен. Возможно, этот холст не создан, или уже уничтожен, или не загрузилась картинка.

#1: TXLib [Ver: 00173a, Rev: 173, Date: 2024-06-23 22:37:05 +0400], Instance: 0x005082FC (32-bit), Flags: CMdRe0, Thread: 0x1890 (Main), GetLastError(): 13 (Недопустимые данные). 

--------------------------------------------------
Стек вызовов:



--------------------------------------------------
Стек вызовов TX:

# 0 in bool {anonymous}::TX::txTransparentBlt(HDC, double, double, double, double, HDC, double, double, COLORREF) at c:\codeblocks\codeblocks\mingw\include\txlib.h:13751:

  13749: 
  13750: $1  if (_TX_HDC_FAILED (destImage))   return false;
=>13751: $   if (_TX_HDC_FAILED (sourceImage)) return false;
  13752: 
  13753:     // Это автоматическое определение размеров картинки (точнее, HDC источника - source) с помощью txGetExtent().

# 1 in void Stalker::draw() at C:\Елаев Александр\Игра №1 (Сталкер)\Игра №1\main.cpp:41:

     39: 
     40: 
=>   41:     txTransparentBlt(txDC(), x, y, w, h, image);
     42: 
     43: 

--------------------------------------------------
Developed with:

The Dumb Artist Library (TX Library)
TXLib [Ver: 00173a, Rev: 173, Date: 2024-06-23 22:37:05 +0400]
Copyright (C) Ded (Ilya Dedinsky, http://txlib.ru) <mail@txlib.ru>
See license on: http://txlib.ru

TXLib file:	c:\codeblocks\codeblocks\mingw\include\txlib.h
Compiled:	Jan 23 2025 09:12:26, GNU g++ 4.8.1, std=201103L, MinGW Runtime 3.20, 32-bit, DEBUG
Started:	Jan 23 2025 09:12:45

Run file:	C:\Елаев Александр\Игра №1 (Сталкер)\Игра №1\bin\Debug\Игра №1.exe
Directory:	C:\Елаев Александр\Игра №1 (Сталкер)\Игра №1

--------------------------------------------------

--------------------------------------------------
TXLib сообщает:

Программа: C:\Елаев Александр\Игра №1 (Сталкер)\Игра №1\bin\Debug\Игра №1.exe, файл: c:\codeblocks\codeblocks\mingw\include\txlib.h, строка: 13490, функция: bool {anonymous}::TX::txDrawText(double, double, double, double, const char*, unsigned int, HDC),

Сообщение: Параметр y0 = 50 больше, чем y1 = 10. Текст выводиться не будет.

#1: TXLib [Ver: 00173a, Rev: 173, Date: 2024-06-23 22:37:05 +0400], Instance: 0x005082FC (32-bit), Flags: CMdRe0, Thread: 0x1CBC (Main), GetLastError(): 13 (Недопустимые данные). 

--------------------------------------------------
Стек вызовов:



--------------------------------------------------
Стек вызовов TX:

# 0 in bool {anonymous}::TX::txDrawText(double, double, double, double, const char*, unsigned int, HDC) at c:\codeblocks\codeblocks\mingw\include\txlib.h:13490:

  13488:         {
  13489: $       SetLastError (ERROR_INVALID_DATA);
=>13490: $       TX_ERROR ("Параметр y0 = %g больше, чем y1 = %g. Текст выводиться не будет.", y0, y1);
  13491:         }
  13492: 

# 1 in int main() at C:\Елаев Александр\Игра №1 (Сталкер)\Игра №1\main.cpp:120:

    118:         zast.draw();
    119:         txSetFillColor(TX_GRAY);
=>  120:         txDrawText (83, 50, 435, 10, "STALKER 3 (100% Original)");
    121:         btn0.draw();
    122:         btn1.draw();

--------------------------------------------------
Developed with:

The Dumb Artist Library (TX Library)
TXLib [Ver: 00173a, Rev: 173, Date: 2024-06-23 22:37:05 +0400]
Copyright (C) Ded (Ilya Dedinsky, http://txlib.ru) <mail@txlib.ru>
See license on: http://txlib.ru

TXLib file:	c:\codeblocks\codeblocks\mingw\include\txlib.h
Compiled:	Jan 23 2025 09:32:07, GNU g++ 4.8.1, std=201103L, MinGW Runtime 3.20, 32-bit, DEBUG
Started:	Jan 23 2025 09:32:27

Run file:	C:\Елаев Александр\Игра №1 (Сталкер)\Игра №1\bin\Debug\Игра №1.exe
Directory:	C:\Елаев Александр\Игра №1 (Сталкер)\Игра №1

--------------------------------------------------

--------------------------------------------------
TXLib соболезнует...

Программа: C:\Елаев Александр\Игра №1 (Сталкер)\Игра №1\bin\Debug\Игра №1.exe, файл: c:\codeblocks\codeblocks\mingw\include\txlib.h, строка: 13751, функция: bool {anonymous}::TX::txTransparentBlt(HDC, double, double, double, double, HDC, double, double, COLORREF),

Сообщение: Параметр "sourceImage" неверен. Возможно, этот холст не создан, или уже уничтожен, или не загрузилась картинка.

#1: TXLib [Ver: 00173a, Rev: 173, Date: 2024-06-23 22:37:05 +0400], Instance: 0x005092FC (32-bit), Flags: CMdRe0, Thread: 0x21CC (Main), GetLastError(): 13 (Недопустимые данные). 

--------------------------------------------------
Стек вызовов:



--------------------------------------------------
Стек вызовов TX:

# 0 in bool {anonymous}::TX::txTransparentBlt(HDC, double, double, double, double, HDC, double, double, COLORREF) at c:\codeblocks\codeblocks\mingw\include\txlib.h:13751:

  13749: 
  13750: $1  if (_TX_HDC_FAILED (destImage))   return false;
=>13751: $   if (_TX_HDC_FAILED (sourceImage)) return false;
  13752: 
  13753:     // Это автоматическое определение размеров картинки (точнее, HDC источника - source) с помощью txGetExtent().

# 1 in void Stalker::draw() at C:\Елаев Александр\Игра №1 (Сталкер)\Игра №1\main.cpp:60:

     58: 
     59: 
=>   60:     txTransparentBlt(txDC(), x, y, w, h, image);
     61: 
     62: 

--------------------------------------------------
Developed with:

The Dumb Artist Library (TX Library)
TXLib [Ver: 00173a, Rev: 173, Date: 2024-06-23 22:37:05 +0400]
Copyright (C) Ded (Ilya Dedinsky, http://txlib.ru) <mail@txlib.ru>
See license on: http://txlib.ru

TXLib file:	c:\codeblocks\codeblocks\mingw\include\txlib.h
Compiled:	Feb 11 2025 09:28:41, GNU g++ 4.8.1, std=201103L, MinGW Runtime 3.20, 32-bit, DEBUG
Started:	Feb 11 2025 09:28:58

Run file:	C:\Елаев Александр\Игра №1 (Сталкер)\Игра №1\bin\Debug\Игра №1.exe
Directory:	C:\Елаев Александр\Игра №1 (Сталкер)\Игра №1

--------------------------------------------------

--------------------------------------------------
TXLib соболезнует...

Программа: C:\Елаев Александр\Игра №1 (Сталкер)\Игра №1\bin\Debug\Игра №1.exe, файл: c:\codeblocks\codeblocks\mingw\include\txlib.h, строка: 13751, функция: bool {anonymous}::TX::txTransparentBlt(HDC, double, double, double, double, HDC, double, double, COLORREF),

Сообщение: Параметр "sourceImage" неверен. Возможно, этот холст не создан, или уже уничтожен, или не загрузилась картинка.

#1: TXLib [Ver: 00173a, Rev: 173, Date: 2024-06-23 22:37:05 +0400], Instance: 0x005092FC (32-bit), Flags: CMdRe0, Thread: 0x1E10 (Main), GetLastError(): 13 (Недопустимые данные). 

--------------------------------------------------
Стек вызовов:



--------------------------------------------------
Стек вызовов TX:

# 0 in bool {anonymous}::TX::txTransparentBlt(HDC, double, double, double, double, HDC, double, double, COLORREF) at c:\codeblocks\codeblocks\mingw\include\txlib.h:13751:

  13749: 
  13750: $1  if (_TX_HDC_FAILED (destImage))   return false;
=>13751: $   if (_TX_HDC_FAILED (sourceImage)) return false;
  13752: 
  13753:     // Это автоматическое определение размеров картинки (точнее, HDC источника - source) с помощью txGetExtent().

# 1 in void Stalker::draw() at C:\Елаев Александр\Игра №1 (Сталкер)\Игра №1\main.cpp:60:

     58: 
     59: 
=>   60:     txTransparentBlt(txDC(), x, y, w, h, image, 0, 0, TX_WHITE);
     61: 
     62: 

--------------------------------------------------
Developed with:

The Dumb Artist Library (TX Library)
TXLib [Ver: 00173a, Rev: 173, Date: 2024-06-23 22:37:05 +0400]
Copyright (C) Ded (Ilya Dedinsky, http://txlib.ru) <mail@txlib.ru>
See license on: http://txlib.ru

TXLib file:	c:\codeblocks\codeblocks\mingw\include\txlib.h
Compiled:	Feb 11 2025 09:33:05, GNU g++ 4.8.1, std=201103L, MinGW Runtime 3.20, 32-bit, DEBUG
Started:	Feb 11 2025 09:33:23

Run file:	C:\Елаев Александр\Игра №1 (Сталкер)\Игра №1\bin\Debug\Игра №1.exe
Directory:	C:\Елаев Александр\Игра №1 (Сталкер)\Игра №1

--------------------------------------------------

--------------------------------------------------
TXLib соболезнует...

Программа: C:\Елаев Александр\Игра №1 (Сталкер)\Игра №1\bin\Debug\Игра №1.exe, файл: c:\codeblocks\codeblocks\mingw\include\txlib.h, строка: 13751, функция: bool {anonymous}::TX::txTransparentBlt(HDC, double, double, double, double, HDC, double, double, COLORREF),

Сообщение: Параметр "sourceImage" неверен. Возможно, этот холст не создан, или уже уничтожен, или не загрузилась картинка.

#1: TXLib [Ver: 00173a, Rev: 173, Date: 2024-06-23 22:37:05 +0400], Instance: 0x005092FC (32-bit), Flags: CMdRe0, Thread: 0x2498 (Main), GetLastError(): 13 (Недопустимые данные). 

--------------------------------------------------
Стек вызовов:



--------------------------------------------------
Стек вызовов TX:

# 0 in bool {anonymous}::TX::txTransparentBlt(HDC, double, double, double, double, HDC, double, double, COLORREF) at c:\codeblocks\codeblocks\mingw\include\txlib.h:13751:

  13749: 
  13750: $1  if (_TX_HDC_FAILED (destImage))   return false;
=>13751: $   if (_TX_HDC_FAILED (sourceImage)) return false;
  13752: 
  13753:     // Это автоматическое определение размеров картинки (точнее, HDC источника - source) с помощью txGetExtent().

# 1 in void Stalker::draw() at C:\Елаев Александр\Игра №1 (Сталкер)\Игра №1\main.cpp:60:

     58: 
     59: 
=>   60:     txTransparentBlt(txDC(), x, y, w, h, image, 0, 0, TX_WHITE);
     61: 
     62: 

--------------------------------------------------
Developed with:

The Dumb Artist Library (TX Library)
TXLib [Ver: 00173a, Rev: 173, Date: 2024-06-23 22:37:05 +0400]
Copyright (C) Ded (Ilya Dedinsky, http://txlib.ru) <mail@txlib.ru>
See license on: http://txlib.ru

TXLib file:	c:\codeblocks\codeblocks\mingw\include\txlib.h
Compiled:	Feb 11 2025 09:33:54, GNU g++ 4.8.1, std=201103L, MinGW Runtime 3.20, 32-bit, DEBUG
Started:	Feb 11 2025 09:34:12

Run file:	C:\Елаев Александр\Игра №1 (Сталкер)\Игра №1\bin\Debug\Игра №1.exe
Directory:	C:\Елаев Александр\Игра №1 (Сталкер)\Игра №1

--------------------------------------------------

--------------------------------------------------
TXLib соболезнует...

Программа: C:\Елаев Александр\Игра №1 (Сталкер)\Игра №1\bin\Debug\Игра №1.exe, файл: c:\codeblocks\codeblocks\mingw\include\txlib.h, строка: 13751, функция: bool {anonymous}::TX::txTransparentBlt(HDC, double, double, double, double, HDC, double, double, COLORREF),

Сообщение: Параметр "sourceImage" неверен. Возможно, этот холст не создан, или уже уничтожен, или не загрузилась картинка.

#1: TXLib [Ver: 00173a, Rev: 173, Date: 2024-06-23 22:37:05 +0400], Instance: 0x005092FC (32-bit), Flags: CMdRe0, Thread: 0x928 (Main), GetLastError(): 13 (Недопустимые данные). 

--------------------------------------------------
Стек вызовов:



--------------------------------------------------
Стек вызовов TX:

# 0 in bool {anonymous}::TX::txTransparentBlt(HDC, double, double, double, double, HDC, double, double, COLORREF) at c:\codeblocks\codeblocks\mingw\include\txlib.h:13751:

  13749: 
  13750: $1  if (_TX_HDC_FAILED (destImage))   return false;
=>13751: $   if (_TX_HDC_FAILED (sourceImage)) return false;
  13752: 
  13753:     // Это автоматическое определение размеров картинки (точнее, HDC источника - source) с помощью txGetExtent().

# 1 in void Stalker::draw() at C:\Елаев Александр\Игра №1 (Сталкер)\Игра №1\main.cpp:60:

     58: 
     59: 
=>   60:     txTransparentBlt(txDC(), x, y, w, h, image, 0, 0, TX_WHITE);
     61: 
     62: 

--------------------------------------------------
Developed with:

The Dumb Artist Library (TX Library)
TXLib [Ver: 00173a, Rev: 173, Date: 2024-06-23 22:37:05 +0400]
Copyright (C) Ded (Ilya Dedinsky, http://txlib.ru) <mail@txlib.ru>
See license on: http://txlib.ru

TXLib file:	c:\codeblocks\codeblocks\mingw\include\txlib.h
Compiled:	Feb 11 2025 09:34:59, GNU g++ 4.8.1, std=201103L, MinGW Runtime 3.20, 32-bit, DEBUG
Started:	Feb 11 2025 09:35:18

Run file:	C:\Елаев Александр\Игра №1 (Сталкер)\Игра №1\bin\Debug\Игра №1.exe
Directory:	C:\Елаев Александр\Игра №1 (Сталкер)\Игра №1

--------------------------------------------------

--------------------------------------------------
TXLib соболезнует...

Программа: C:\Елаев Александр\Игра №1 (Сталкер)\Игра №1\bin\Debug\Игра №1.exe, файл: c:\codeblocks\codeblocks\mingw\include\txlib.h, строка: 13751, функция: bool {anonymous}::TX::txTransparentBlt(HDC, double, double, double, double, HDC, double, double, COLORREF),

Сообщение: Параметр "sourceImage" неверен. Возможно, этот холст не создан, или уже уничтожен, или не загрузилась картинка.

#1: TXLib [Ver: 00173a, Rev: 173, Date: 2024-06-23 22:37:05 +0400], Instance: 0x005092FC (32-bit), Flags: CMdRe0, Thread: 0xF34 (Main), GetLastError(): 13 (Недопустимые данные). 

--------------------------------------------------
Стек вызовов:



--------------------------------------------------
Стек вызовов TX:

# 0 in bool {anonymous}::TX::txTransparentBlt(HDC, double, double, double, double, HDC, double, double, COLORREF) at c:\codeblocks\codeblocks\mingw\include\txlib.h:13751:

  13749: 
  13750: $1  if (_TX_HDC_FAILED (destImage))   return false;
=>13751: $   if (_TX_HDC_FAILED (sourceImage)) return false;
  13752: 
  13753:     // Это автоматическое определение размеров картинки (точнее, HDC источника - source) с помощью txGetExtent().

# 1 in void Stalker::draw() at C:\Елаев Александр\Игра №1 (Сталкер)\Игра №1\main.cpp:60:

     58: 
     59: 
=>   60:     txTransparentBlt(txDC(), x, y, w, h, image, 0, 0, TX_WHITE);
     61: 
     62: 

--------------------------------------------------
Developed with:

The Dumb Artist Library (TX Library)
TXLib [Ver: 00173a, Rev: 173, Date: 2024-06-23 22:37:05 +0400]
Copyright (C) Ded (Ilya Dedinsky, http://txlib.ru) <mail@txlib.ru>
See license on: http://txlib.ru

TXLib file:	c:\codeblocks\codeblocks\mingw\include\txlib.h
Compiled:	Feb 11 2025 09:35:29, GNU g++ 4.8.1, std=201103L, MinGW Runtime 3.20, 32-bit, DEBUG
Started:	Feb 11 2025 09:35:46

Run file:	C:\Елаев Александр\Игра №1 (Сталкер)\Игра №1\bin\Debug\Игра №1.exe
Directory:	C:\Елаев Александр\Игра №1 (Сталкер)\Игра №1

--------------------------------------------------

--------------------------------------------------
TXLib соболезнует...

Программа: C:\Елаев Александр\Игра №1 (Сталкер)\Игра №1\bin\Debug\Игра №1.exe, файл: c:\codeblocks\codeblocks\mingw\include\txlib.h, строка: 13751, функция: bool {anonymous}::TX::txTransparentBlt(HDC, double, double, double, double, HDC, double, double, COLORREF),

Сообщение: Параметр "sourceImage" неверен. Возможно, этот холст не создан, или уже уничтожен, или не загрузилась картинка.

#1: TXLib [Ver: 00173a, Rev: 173, Date: 2024-06-23 22:37:05 +0400], Instance: 0x005092FC (32-bit), Flags: CMdRe0, Thread: 0x1C10 (Main), GetLastError(): 13 (Недопустимые данные). 

--------------------------------------------------
Стек вызовов:



--------------------------------------------------
Стек вызовов TX:

# 0 in bool {anonymous}::TX::txTransparentBlt(HDC, double, double, double, double, HDC, double, double, COLORREF) at c:\codeblocks\codeblocks\mingw\include\txlib.h:13751:

  13749: 
  13750: $1  if (_TX_HDC_FAILED (destImage))   return false;
=>13751: $   if (_TX_HDC_FAILED (sourceImage)) return false;
  13752: 
  13753:     // Это автоматическое определение размеров картинки (точнее, HDC источника - source) с помощью txGetExtent().

# 1 in void Stalker::draw() at C:\Елаев Александр\Игра №1 (Сталкер)\Игра №1\main.cpp:60:

     58: 
     59: 
=>   60:     txTransparentBlt(txDC(), x, y, w, h, image, 0, 0, TX_WHITE);
     61: 
     62: 

--------------------------------------------------
Developed with:

The Dumb Artist Library (TX Library)
TXLib [Ver: 00173a, Rev: 173, Date: 2024-06-23 22:37:05 +0400]
Copyright (C) Ded (Ilya Dedinsky, http://txlib.ru) <mail@txlib.ru>
See license on: http://txlib.ru

TXLib file:	c:\codeblocks\codeblocks\mingw\include\txlib.h
Compiled:	Feb 11 2025 09:35:29, GNU g++ 4.8.1, std=201103L, MinGW Runtime 3.20, 32-bit, DEBUG
Started:	Feb 11 2025 09:36:01

Run file:	C:\Елаев Александр\Игра №1 (Сталкер)\Игра №1\bin\Debug\Игра №1.exe
Directory:	C:\Елаев Александр\Игра №1 (Сталкер)\Игра №1

--------------------------------------------------

--------------------------------------------------
TXLib соболезнует...

Программа: C:\Елаев Александр\Игра №1 (Сталкер)\Игра №1\bin\Debug\Игра №1.exe, файл: c:\codeblocks\codeblocks\mingw\include\txlib.h, строка: 10937, функция: bool {anonymous}::TX::_txBuffer_Delete(HDC__**),

Сообщение: Параметр "*dc" неверен. Возможно, этот холст не создан, или уже уничтожен, или не загрузилась картинка.

#1: TXLib [Ver: 00173a, Rev: 173, Date: 2024-06-23 22:37:05 +0400], Instance: 0x005092FC (32-bit), Flags: CMdRe0, Thread: 0x1404 (Main), GetLastError(): 13 (Недопустимые данные). 

--------------------------------------------------
Стек вызовов:



--------------------------------------------------
Стек вызовов TX:

# 0 in bool {anonymous}::TX::_txBuffer_Delete(HDC__**) at c:\codeblocks\codeblocks\mingw\include\txlib.h:10937:

  10935: $1  if (_TX_ARGUMENT_FAILED (dc)) return false;
  10936: $   if (                   !*dc)  return false;
=>10937: $   if (_TX_HDC_FAILED     (*dc)) return false;
  10938: 
  10939: $   if (!Win32::GetObjectType (Win32::GetCurrentObject (*dc, OBJ_BITMAP))) return false;

# 1 in bool {anonymous}::TX::txDeleteDC(HDC__**) at c:\codeblocks\codeblocks\mingw\include\txlib.h:13691:

  13689: 
  13690: $   HDC  dc = *pdc;
=>13691: $   bool ok = _txBuffer_Delete (pdc);
  13692: $   if (!ok) return false;
  13693: 

# 2 in bool {anonymous}::TX::txDeleteDC(HDC) at c:\codeblocks\codeblocks\mingw\include\txlib.h:13713:

  13711: bool txDeleteDC (HDC dc)
  13712:     {
=>13713: $1  return txDeleteDC (&dc);
  13714:     }
  13715: 

# 3 in int main() at C:\Елаев Александр\Игра №1 (Сталкер)\Игра №1\main.cpp:542:

    540: 
    541: txDeleteDC(bul5.image);
=>  542: txDeleteDC(bul5.image);
    543: txDeleteDC(bul4.image);
    544: txDeleteDC(bul3.image);

--------------------------------------------------
Developed with:

The Dumb Artist Library (TX Library)
TXLib [Ver: 00173a, Rev: 173, Date: 2024-06-23 22:37:05 +0400]
Copyright (C) Ded (Ilya Dedinsky, http://txlib.ru) <mail@txlib.ru>
See license on: http://txlib.ru

TXLib file:	c:\codeblocks\codeblocks\mingw\include\txlib.h
Compiled:	Feb 27 2025 09:36:01, GNU g++ 4.8.1, std=201103L, MinGW Runtime 3.20, 32-bit, DEBUG
Started:	Feb 27 2025 09:36:18

Run file:	C:\Елаев Александр\Игра №1 (Сталкер)\Игра №1\bin\Debug\Игра №1.exe
Directory:	C:\Елаев Александр\Игра №1 (Сталкер)\Игра №1

--------------------------------------------------

--------------------------------------------------
TXLib соболезнует...

Программа: C:\Елаев Александр\Игра №1 (Сталкер)\Игра №1\bin\Debug\Игра №1.exe, файл: c:\codeblocks\codeblocks\mingw\include\txlib.h, строка: 10937, функция: bool {anonymous}::TX::_txBuffer_Delete(HDC__**),

Сообщение: Параметр "*dc" неверен. Возможно, этот холст не создан, или уже уничтожен, или не загрузилась картинка.

#1: TXLib [Ver: 00173a, Rev: 173, Date: 2024-06-23 22:37:05 +0400], Instance: 0x005092FC (32-bit), Flags: CMdRe0, Thread: 0x1620 (Main), GetLastError(): 13 (Недопустимые данные). 

--------------------------------------------------
Стек вызовов:



--------------------------------------------------
Стек вызовов TX:

# 0 in bool {anonymous}::TX::_txBuffer_Delete(HDC__**) at c:\codeblocks\codeblocks\mingw\include\txlib.h:10937:

  10935: $1  if (_TX_ARGUMENT_FAILED (dc)) return false;
  10936: $   if (                   !*dc)  return false;
=>10937: $   if (_TX_HDC_FAILED     (*dc)) return false;
  10938: 
  10939: $   if (!Win32::GetObjectType (Win32::GetCurrentObject (*dc, OBJ_BITMAP))) return false;

# 1 in bool {anonymous}::TX::txDeleteDC(HDC__**) at c:\codeblocks\codeblocks\mingw\include\txlib.h:13691:

  13689: 
  13690: $   HDC  dc = *pdc;
=>13691: $   bool ok = _txBuffer_Delete (pdc);
  13692: $   if (!ok) return false;
  13693: 

# 2 in bool {anonymous}::TX::txDeleteDC(HDC) at c:\codeblocks\codeblocks\mingw\include\txlib.h:13713:

  13711: bool txDeleteDC (HDC dc)
  13712:     {
=>13713: $1  return txDeleteDC (&dc);
  13714:     }
  13715: 

# 3 in int main() at C:\Елаев Александр\Игра №1 (Сталкер)\Игра №1\main.cpp:536:

    534: txDeleteDC(zast.image_scary);
    535: txDeleteDC(bul5.image);
=>  536: txDeleteDC(bul5.image);
    537: txDeleteDC(bul4.image);
    538: txDeleteDC(bul3.image);

--------------------------------------------------
Developed with:

The Dumb Artist Library (TX Library)
TXLib [Ver: 00173a, Rev: 173, Date: 2024-06-23 22:37:05 +0400]
Copyright (C) Ded (Ilya Dedinsky, http://txlib.ru) <mail@txlib.ru>
See license on: http://txlib.ru

TXLib file:	c:\codeblocks\codeblocks\mingw\include\txlib.h
Compiled:	Feb 27 2025 09:37:16, GNU g++ 4.8.1, std=201103L, MinGW Runtime 3.20, 32-bit, DEBUG
Started:	Feb 27 2025 09:37:33

Run file:	C:\Елаев Александр\Игра №1 (Сталкер)\Игра №1\bin\Debug\Игра №1.exe
Directory:	C:\Елаев Александр\Игра №1 (Сталкер)\Игра №1

--------------------------------------------------

--------------------------------------------------
TXLib соболезнует...

Программа: C:\Елаев Александр\Игра №1 (Сталкер)\Игра №1\bin\Debug\Игра №1.exe, файл: c:\codeblocks\codeblocks\mingw\include\txlib.h, строка: 10937, функция: bool {anonymous}::TX::_txBuffer_Delete(HDC__**),

Сообщение: Параметр "*dc" неверен. Возможно, этот холст не создан, или уже уничтожен, или не загрузилась картинка.

#1: TXLib [Ver: 00173a, Rev: 173, Date: 2024-06-23 22:37:05 +0400], Instance: 0x005092FC (32-bit), Flags: CMdRe0, Thread: 0x23F4 (Main), GetLastError(): 13 (Недопустимые данные). 

--------------------------------------------------
Стек вызовов:



--------------------------------------------------
Стек вызовов TX:

# 0 in bool {anonymous}::TX::_txBuffer_Delete(HDC__**) at c:\codeblocks\codeblocks\mingw\include\txlib.h:10937:

  10935: $1  if (_TX_ARGUMENT_FAILED (dc)) return false;
  10936: $   if (                   !*dc)  return false;
=>10937: $   if (_TX_HDC_FAILED     (*dc)) return false;
  10938: 
  10939: $   if (!Win32::GetObjectType (Win32::GetCurrentObject (*dc, OBJ_BITMAP))) return false;

# 1 in bool {anonymous}::TX::txDeleteDC(HDC__**) at c:\codeblocks\codeblocks\mingw\include\txlib.h:13691:

  13689: 
  13690: $   HDC  dc = *pdc;
=>13691: $   bool ok = _txBuffer_Delete (pdc);
  13692: $   if (!ok) return false;
  13693: 

# 2 in bool {anonymous}::TX::txDeleteDC(HDC) at c:\codeblocks\codeblocks\mingw\include\txlib.h:13713:

  13711: bool txDeleteDC (HDC dc)
  13712:     {
=>13713: $1  return txDeleteDC (&dc);
  13714:     }
  13715: 

# 3 in int main() at C:\Елаев Александр\Игра №1 (Сталкер)\Игра №1\main.cpp:536:

    534: txDeleteDC(zast.image_scary);
    535: txDeleteDC(bul5.image);
=>  536: txDeleteDC(bul5.image);
    537: txDeleteDC(bul4.image);
    538: txDeleteDC(bul3.image);

--------------------------------------------------
Developed with:

The Dumb Artist Library (TX Library)
TXLib [Ver: 00173a, Rev: 173, Date: 2024-06-23 22:37:05 +0400]
Copyright (C) Ded (Ilya Dedinsky, http://txlib.ru) <mail@txlib.ru>
See license on: http://txlib.ru

TXLib file:	c:\codeblocks\codeblocks\mingw\include\txlib.h
Compiled:	Feb 27 2025 09:38:38, GNU g++ 4.8.1, std=201103L, MinGW Runtime 3.20, 32-bit, DEBUG
Started:	Feb 27 2025 09:38:56

Run file:	C:\Елаев Александр\Игра №1 (Сталкер)\Игра №1\bin\Debug\Игра №1.exe
Directory:	C:\Елаев Александр\Игра №1 (Сталкер)\Игра №1

--------------------------------------------------

--------------------------------------------------
TXLib сообщает:

Программа: C:\Елаев Александр\Игра №1 (Сталкер)\Игра №1\bin\Debug\Игра №1.exe, файл: c:\codeblocks\codeblocks\mingw\include\txlib.h, строка: 13772, функция: bool {anonymous}::TX::txTransparentBlt(HDC, double, double, double, double, HDC, double, double, COLORREF),

Сообщение: Прямоугольник копируемой области {0, 0, 225, 225} не полностью лежит внутри изображения-источника {0, 0, 120, 200}, функция txTransparentBlt() работать не будет.

#1: TXLib [Ver: 00173a, Rev: 173, Date: 2024-06-23 22:37:05 +0400], Instance: 0x005092FC (32-bit), Flags: CMdRe0, Thread: 0x28BC (Main), GetLastError(): 13 (Недопустимые данные). 
From: c:\codeblocks\codeblocks\mingw\include\txlib.h:13771 bool {anonymous}::TX::txTransparentBlt(HDC, double, double, double, double, HDC, double, double, COLORREF).

--------------------------------------------------
Стек вызовов:



--------------------------------------------------
Стек вызовов TX:

# 0 in bool {anonymous}::TX::txTransparentBlt(HDC, double, double, double, double, HDC, double, double, COLORREF) at c:\codeblocks\codeblocks\mingw\include\txlib.h:13771:

  13769:         {
  13770: $       SetLastError (ERROR_INVALID_DATA);
=>13771: $       TX_ERROR ("Прямоугольник копируемой области {%g, %g, %g, %g} не полностью лежит внутри изображения-источника {%d, %d, %d, %d}, "
  13772:                   "функция txTransparentBlt() работать не будет.", xSource, ySource, xSource + width, ySource + height, 0, 0, (int) size.x, (int) size.y);
  13773:         }

# 1 in void Stalker::draw() at C:\Елаев Александр\Игра №1 (Сталкер)\Игра №1\main.cpp:61:

     59: 
     60: 
=>   61:     txTransparentBlt(txDC(), x, y, w, h, image, 0, 0, TX_WHITE);
     62: 
     63: 

--------------------------------------------------
Developed with:

The Dumb Artist Library (TX Library)
TXLib [Ver: 00173a, Rev: 173, Date: 2024-06-23 22:37:05 +0400]
Copyright (C) Ded (Ilya Dedinsky, http://txlib.ru) <mail@txlib.ru>
See license on: http://txlib.ru

TXLib file:	c:\codeblocks\codeblocks\mingw\include\txlib.h
Compiled:	Feb 27 2025 09:41:07, GNU g++ 4.8.1, std=201103L, MinGW Runtime 3.20, 32-bit, DEBUG
Started:	Feb 27 2025 09:41:25

Run file:	C:\Елаев Александр\Игра №1 (Сталкер)\Игра №1\bin\Debug\Игра №1.exe
Directory:	C:\Елаев Александр\Игра №1 (Сталкер)\Игра №1

--------------------------------------------------

--------------------------------------------------
TXLib соболезнует...

Программа: C:\Елаев Александр\Игра №1 (Сталкер)\Игра №1\bin\Debug\Игра №1.exe, файл: c:\codeblocks\codeblocks\mingw\include\txlib.h, строка: 10937, функция: bool {anonymous}::TX::_txBuffer_Delete(HDC__**),

Сообщение: Параметр "*dc" неверен. Возможно, этот холст не создан, или уже уничтожен, или не загрузилась картинка.

#1: TXLib [Ver: 00173a, Rev: 173, Date: 2024-06-23 22:37:05 +0400], Instance: 0x005092FC (32-bit), Flags: CMdRe0, Thread: 0x1C6C (Main), GetLastError(): 13 (Недопустимые данные). 

--------------------------------------------------
Стек вызовов:



--------------------------------------------------
Стек вызовов TX:

# 0 in bool {anonymous}::TX::_txBuffer_Delete(HDC__**) at c:\codeblocks\codeblocks\mingw\include\txlib.h:10937:

  10935: $1  if (_TX_ARGUMENT_FAILED (dc)) return false;
  10936: $   if (                   !*dc)  return false;
=>10937: $   if (_TX_HDC_FAILED     (*dc)) return false;
  10938: 
  10939: $   if (!Win32::GetObjectType (Win32::GetCurrentObject (*dc, OBJ_BITMAP))) return false;

# 1 in bool {anonymous}::TX::txDeleteDC(HDC__**) at c:\codeblocks\codeblocks\mingw\include\txlib.h:13691:

  13689: 
  13690: $   HDC  dc = *pdc;
=>13691: $   bool ok = _txBuffer_Delete (pdc);
  13692: $   if (!ok) return false;
  13693: 

# 2 in bool {anonymous}::TX::txDeleteDC(HDC) at c:\codeblocks\codeblocks\mingw\include\txlib.h:13713:

  13711: bool txDeleteDC (HDC dc)
  13712:     {
=>13713: $1  return txDeleteDC (&dc);
  13714:     }
  13715: 

# 3 in int main() at C:\Елаев Александр\Игра №1 (Сталкер)\Игра №1\main.cpp:537:

    535: txDeleteDC(zast.image_scary);
    536: txDeleteDC(bul5.image);
=>  537: txDeleteDC(bul5.image);
    538: txDeleteDC(bul4.image);
    539: txDeleteDC(bul3.image);

--------------------------------------------------
Developed with:

The Dumb Artist Library (TX Library)
TXLib [Ver: 00173a, Rev: 173, Date: 2024-06-23 22:37:05 +0400]
Copyright (C) Ded (Ilya Dedinsky, http://txlib.ru) <mail@txlib.ru>
See license on: http://txlib.ru

TXLib file:	c:\codeblocks\codeblocks\mingw\include\txlib.h
Compiled:	Feb 27 2025 09:42:34, GNU g++ 4.8.1, std=201103L, MinGW Runtime 3.20, 32-bit, DEBUG
Started:	Feb 27 2025 09:42:53

Run file:	C:\Елаев Александр\Игра №1 (Сталкер)\Игра №1\bin\Debug\Игра №1.exe
Directory:	C:\Елаев Александр\Игра №1 (Сталкер)\Игра №1

--------------------------------------------------

--------------------------------------------------
TXLib соболезнует...

Программа: C:\Елаев Александр\Игра №1 (Сталкер)\Игра №1\bin\Debug\Игра №1.exe, файл: c:\codeblocks\codeblocks\mingw\include\txlib.h, строка: 10937, функция: bool {anonymous}::TX::_txBuffer_Delete(HDC__**),

Сообщение: Параметр "*dc" неверен. Возможно, этот холст не создан, или уже уничтожен, или не загрузилась картинка.

#1: TXLib [Ver: 00173a, Rev: 173, Date: 2024-06-23 22:37:05 +0400], Instance: 0x005092FC (32-bit), Flags: CMdRe0, Thread: 0x1F68 (Main), GetLastError(): 13 (Недопустимые данные). 

--------------------------------------------------
Стек вызовов:



--------------------------------------------------
Стек вызовов TX:

# 0 in bool {anonymous}::TX::_txBuffer_Delete(HDC__**) at c:\codeblocks\codeblocks\mingw\include\txlib.h:10937:

  10935: $1  if (_TX_ARGUMENT_FAILED (dc)) return false;
  10936: $   if (                   !*dc)  return false;
=>10937: $   if (_TX_HDC_FAILED     (*dc)) return false;
  10938: 
  10939: $   if (!Win32::GetObjectType (Win32::GetCurrentObject (*dc, OBJ_BITMAP))) return false;

# 1 in bool {anonymous}::TX::txDeleteDC(HDC__**) at c:\codeblocks\codeblocks\mingw\include\txlib.h:13691:

  13689: 
  13690: $   HDC  dc = *pdc;
=>13691: $   bool ok = _txBuffer_Delete (pdc);
  13692: $   if (!ok) return false;
  13693: 

# 2 in bool {anonymous}::TX::txDeleteDC(HDC) at c:\codeblocks\codeblocks\mingw\include\txlib.h:13713:

  13711: bool txDeleteDC (HDC dc)
  13712:     {
=>13713: $1  return txDeleteDC (&dc);
  13714:     }
  13715: 

# 3 in int main() at C:\Елаев Александр\Игра №1 (Сталкер)\Игра №1\main.cpp:554:

    552: txDeleteDC(zast.image_scary);
    553: txDeleteDC(bul5.image);
=>  554: txDeleteDC(bul5.image);
    555: txDeleteDC(bul4.image);
    556: txDeleteDC(bul3.image);

--------------------------------------------------
Developed with:

The Dumb Artist Library (TX Library)
TXLib [Ver: 00173a, Rev: 173, Date: 2024-06-23 22:37:05 +0400]
Copyright (C) Ded (Ilya Dedinsky, http://txlib.ru) <mail@txlib.ru>
See license on: http://txlib.ru

TXLib file:	c:\codeblocks\codeblocks\mingw\include\txlib.h
Compiled:	Feb 27 2025 09:46:43, GNU g++ 4.8.1, std=201103L, MinGW Runtime 3.20, 32-bit, DEBUG
Started:	Feb 27 2025 09:47:01

Run file:	C:\Елаев Александр\Игра №1 (Сталкер)\Игра №1\bin\Debug\Игра №1.exe
Directory:	C:\Елаев Александр\Игра №1 (Сталкер)\Игра №1

--------------------------------------------------

--------------------------------------------------
TXLib соболезнует...

Программа: C:\Елаев Александр\Игра №1 (Сталкер)\Игра №1\bin\Debug\Игра №1.exe, файл: c:\codeblocks\codeblocks\mingw\include\txlib.h, строка: 10937, функция: bool {anonymous}::TX::_txBuffer_Delete(HDC__**),

Сообщение: Параметр "*dc" неверен. Возможно, этот холст не создан, или уже уничтожен, или не загрузилась картинка.

#1: TXLib [Ver: 00173a, Rev: 173, Date: 2024-06-23 22:37:05 +0400], Instance: 0x005092FC (32-bit), Flags: CMdRe0, Thread: 0x1C2C (Main), GetLastError(): 13 (Недопустимые данные). 

--------------------------------------------------
Стек вызовов:



--------------------------------------------------
Стек вызовов TX:

# 0 in bool {anonymous}::TX::_txBuffer_Delete(HDC__**) at c:\codeblocks\codeblocks\mingw\include\txlib.h:10937:

  10935: $1  if (_TX_ARGUMENT_FAILED (dc)) return false;
  10936: $   if (                   !*dc)  return false;
=>10937: $   if (_TX_HDC_FAILED     (*dc)) return false;
  10938: 
  10939: $   if (!Win32::GetObjectType (Win32::GetCurrentObject (*dc, OBJ_BITMAP))) return false;

# 1 in bool {anonymous}::TX::txDeleteDC(HDC__**) at c:\codeblocks\codeblocks\mingw\include\txlib.h:13691:

  13689: 
  13690: $   HDC  dc = *pdc;
=>13691: $   bool ok = _txBuffer_Delete (pdc);
  13692: $   if (!ok) return false;
  13693: 

# 2 in bool {anonymous}::TX::txDeleteDC(HDC) at c:\codeblocks\codeblocks\mingw\include\txlib.h:13713:

  13711: bool txDeleteDC (HDC dc)
  13712:     {
=>13713: $1  return txDeleteDC (&dc);
  13714:     }
  13715: 

# 3 in int main() at C:\Елаев Александр\Игра №1 (Сталкер)\Игра №1\main.cpp:557:

    555: txDeleteDC(zast.image_scary);
    556: txDeleteDC(bul5.image);
=>  557: txDeleteDC(bul5.image);
    558: txDeleteDC(bul4.image);
    559: txDeleteDC(bul3.image);

--------------------------------------------------
Developed with:

The Dumb Artist Library (TX Library)
TXLib [Ver: 00173a, Rev: 173, Date: 2024-06-23 22:37:05 +0400]
Copyright (C) Ded (Ilya Dedinsky, http://txlib.ru) <mail@txlib.ru>
See license on: http://txlib.ru

TXLib file:	c:\codeblocks\codeblocks\mingw\include\txlib.h
Compiled:	Feb 27 2025 09:48:55, GNU g++ 4.8.1, std=201103L, MinGW Runtime 3.20, 32-bit, DEBUG
Started:	Feb 27 2025 09:49:13

Run file:	C:\Елаев Александр\Игра №1 (Сталкер)\Игра №1\bin\Debug\Игра №1.exe
Directory:	C:\Елаев Александр\Игра №1 (Сталкер)\Игра №1

--------------------------------------------------

--------------------------------------------------
TXLib соболезнует...

Программа: C:\Елаев Александр\Игра №1 (Сталкер)\Игра №1\bin\Debug\Игра №1.exe, файл: c:\codeblocks\codeblocks\mingw\include\txlib.h, строка: 10937, функция: bool {anonymous}::TX::_txBuffer_Delete(HDC__**),

Сообщение: Параметр "*dc" неверен. Возможно, этот холст не создан, или уже уничтожен, или не загрузилась картинка.

#1: TXLib [Ver: 00173a, Rev: 173, Date: 2024-06-23 22:37:05 +0400], Instance: 0x005092FC (32-bit), Flags: CMdRe0, Thread: 0x25D8 (Main), GetLastError(): 13 (Недопустимые данные). 

--------------------------------------------------
Стек вызовов:



--------------------------------------------------
Стек вызовов TX:

# 0 in bool {anonymous}::TX::_txBuffer_Delete(HDC__**) at c:\codeblocks\codeblocks\mingw\include\txlib.h:10937:

  10935: $1  if (_TX_ARGUMENT_FAILED (dc)) return false;
  10936: $   if (                   !*dc)  return false;
=>10937: $   if (_TX_HDC_FAILED     (*dc)) return false;
  10938: 
  10939: $   if (!Win32::GetObjectType (Win32::GetCurrentObject (*dc, OBJ_BITMAP))) return false;

# 1 in bool {anonymous}::TX::txDeleteDC(HDC__**) at c:\codeblocks\codeblocks\mingw\include\txlib.h:13691:

  13689: 
  13690: $   HDC  dc = *pdc;
=>13691: $   bool ok = _txBuffer_Delete (pdc);
  13692: $   if (!ok) return false;
  13693: 

# 2 in bool {anonymous}::TX::txDeleteDC(HDC) at c:\codeblocks\codeblocks\mingw\include\txlib.h:13713:

  13711: bool txDeleteDC (HDC dc)
  13712:     {
=>13713: $1  return txDeleteDC (&dc);
  13714:     }
  13715: 

# 3 in int main() at C:\Елаев Александр\Игра №1 (Сталкер)\Игра №1\main.cpp:557:

    555: txDeleteDC(zast.image_scary);
    556: txDeleteDC(bul5.image);
=>  557: txDeleteDC(bul5.image);
    558: txDeleteDC(bul4.image);
    559: txDeleteDC(bul3.image);

--------------------------------------------------
Developed with:

The Dumb Artist Library (TX Library)
TXLib [Ver: 00173a, Rev: 173, Date: 2024-06-23 22:37:05 +0400]
Copyright (C) Ded (Ilya Dedinsky, http://txlib.ru) <mail@txlib.ru>
See license on: http://txlib.ru

TXLib file:	c:\codeblocks\codeblocks\mingw\include\txlib.h
Compiled:	Feb 27 2025 09:49:30, GNU g++ 4.8.1, std=201103L, MinGW Runtime 3.20, 32-bit, DEBUG
Started:	Feb 27 2025 09:49:47

Run file:	C:\Елаев Александр\Игра №1 (Сталкер)\Игра №1\bin\Debug\Игра №1.exe
Directory:	C:\Елаев Александр\Игра №1 (Сталкер)\Игра №1

--------------------------------------------------

--------------------------------------------------
TXLib соболезнует...

Программа: C:\Елаев Александр\Игра №1 (Сталкер)\Игра №1\bin\Debug\Игра №1.exe, файл: c:\codeblocks\codeblocks\mingw\include\txlib.h, строка: 10937, функция: bool {anonymous}::TX::_txBuffer_Delete(HDC__**),

Сообщение: Параметр "*dc" неверен. Возможно, этот холст не создан, или уже уничтожен, или не загрузилась картинка.

#1: TXLib [Ver: 00173a, Rev: 173, Date: 2024-06-23 22:37:05 +0400], Instance: 0x005092FC (32-bit), Flags: CMdRe0, Thread: 0x678 (Main), GetLastError(): 13 (Недопустимые данные). 

--------------------------------------------------
Стек вызовов:



--------------------------------------------------
Стек вызовов TX:

# 0 in bool {anonymous}::TX::_txBuffer_Delete(HDC__**) at c:\codeblocks\codeblocks\mingw\include\txlib.h:10937:

  10935: $1  if (_TX_ARGUMENT_FAILED (dc)) return false;
  10936: $   if (                   !*dc)  return false;
=>10937: $   if (_TX_HDC_FAILED     (*dc)) return false;
  10938: 
  10939: $   if (!Win32::GetObjectType (Win32::GetCurrentObject (*dc, OBJ_BITMAP))) return false;

# 1 in bool {anonymous}::TX::txDeleteDC(HDC__**) at c:\codeblocks\codeblocks\mingw\include\txlib.h:13691:

  13689: 
  13690: $   HDC  dc = *pdc;
=>13691: $   bool ok = _txBuffer_Delete (pdc);
  13692: $   if (!ok) return false;
  13693: 

# 2 in bool {anonymous}::TX::txDeleteDC(HDC) at c:\codeblocks\codeblocks\mingw\include\txlib.h:13713:

  13711: bool txDeleteDC (HDC dc)
  13712:     {
=>13713: $1  return txDeleteDC (&dc);
  13714:     }
  13715: 

# 3 in int main() at C:\Елаев Александр\Игра №1 (Сталкер)\Игра №1\main.cpp:557:

    555: txDeleteDC(zast.image_scary);
    556: txDeleteDC(bul5.image);
=>  557: txDeleteDC(bul5.image);
    558: txDeleteDC(bul4.image);
    559: txDeleteDC(bul3.image);

--------------------------------------------------
Developed with:

The Dumb Artist Library (TX Library)
TXLib [Ver: 00173a, Rev: 173, Date: 2024-06-23 22:37:05 +0400]
Copyright (C) Ded (Ilya Dedinsky, http://txlib.ru) <mail@txlib.ru>
See license on: http://txlib.ru

TXLib file:	c:\codeblocks\codeblocks\mingw\include\txlib.h
Compiled:	Feb 27 2025 09:51:24, GNU g++ 4.8.1, std=201103L, MinGW Runtime 3.20, 32-bit, DEBUG
Started:	Feb 27 2025 09:51:43

Run file:	C:\Елаев Александр\Игра №1 (Сталкер)\Игра №1\bin\Debug\Игра №1.exe
Directory:	C:\Елаев Александр\Игра №1 (Сталкер)\Игра №1

--------------------------------------------------

--------------------------------------------------
TXLib соболезнует...

Программа: C:\Елаев Александр\Игра №1 (Сталкер)\Игра №1\bin\Debug\Игра №1.exe, файл: c:\codeblocks\codeblocks\mingw\include\txlib.h, строка: 10937, функция: bool {anonymous}::TX::_txBuffer_Delete(HDC__**),

Сообщение: Параметр "*dc" неверен. Возможно, этот холст не создан, или уже уничтожен, или не загрузилась картинка.

#1: TXLib [Ver: 00173a, Rev: 173, Date: 2024-06-23 22:37:05 +0400], Instance: 0x005092FC (32-bit), Flags: CMdRe0, Thread: 0x2808 (Main), GetLastError(): 13 (Недопустимые данные). 

--------------------------------------------------
Стек вызовов:



--------------------------------------------------
Стек вызовов TX:

# 0 in bool {anonymous}::TX::_txBuffer_Delete(HDC__**) at c:\codeblocks\codeblocks\mingw\include\txlib.h:10937:

  10935: $1  if (_TX_ARGUMENT_FAILED (dc)) return false;
  10936: $   if (                   !*dc)  return false;
=>10937: $   if (_TX_HDC_FAILED     (*dc)) return false;
  10938: 
  10939: $   if (!Win32::GetObjectType (Win32::GetCurrentObject (*dc, OBJ_BITMAP))) return false;

# 1 in bool {anonymous}::TX::txDeleteDC(HDC__**) at c:\codeblocks\codeblocks\mingw\include\txlib.h:13691:

  13689: 
  13690: $   HDC  dc = *pdc;
=>13691: $   bool ok = _txBuffer_Delete (pdc);
  13692: $   if (!ok) return false;
  13693: 

# 2 in bool {anonymous}::TX::txDeleteDC(HDC) at c:\codeblocks\codeblocks\mingw\include\txlib.h:13713:

  13711: bool txDeleteDC (HDC dc)
  13712:     {
=>13713: $1  return txDeleteDC (&dc);
  13714:     }
  13715: 

# 3 in int main() at C:\Елаев Александр\Игра №1 (Сталкер)\Игра №1\main.cpp:557:

    555: txDeleteDC(zast.image_scary);
    556: txDeleteDC(bul5.image);
=>  557: txDeleteDC(bul5.image);
    558: txDeleteDC(bul4.image);
    559: txDeleteDC(bul3.image);

--------------------------------------------------
Developed with:

The Dumb Artist Library (TX Library)
TXLib [Ver: 00173a, Rev: 173, Date: 2024-06-23 22:37:05 +0400]
Copyright (C) Ded (Ilya Dedinsky, http://txlib.ru) <mail@txlib.ru>
See license on: http://txlib.ru

TXLib file:	c:\codeblocks\codeblocks\mingw\include\txlib.h
Compiled:	Feb 27 2025 09:53:20, GNU g++ 4.8.1, std=201103L, MinGW Runtime 3.20, 32-bit, DEBUG
Started:	Feb 27 2025 09:53:39

Run file:	C:\Елаев Александр\Игра №1 (Сталкер)\Игра №1\bin\Debug\Игра №1.exe
Directory:	C:\Елаев Александр\Игра №1 (Сталкер)\Игра №1

--------------------------------------------------

--------------------------------------------------
TXLib соболезнует...

Программа: C:\Елаев Александр\Игра №1 (Сталкер)\Игра №1\bin\Debug\Игра №1.exe, файл: c:\codeblocks\codeblocks\mingw\include\txlib.h, строка: 10937, функция: bool {anonymous}::TX::_txBuffer_Delete(HDC__**),

Сообщение: Параметр "*dc" неверен. Возможно, этот холст не создан, или уже уничтожен, или не загрузилась картинка.

#1: TXLib [Ver: 00173a, Rev: 173, Date: 2024-06-23 22:37:05 +0400], Instance: 0x005092FC (32-bit), Flags: CMdRe0, Thread: 0x1264 (Main), GetLastError(): 13 (Недопустимые данные). 

--------------------------------------------------
Стек вызовов:



--------------------------------------------------
Стек вызовов TX:

# 0 in bool {anonymous}::TX::_txBuffer_Delete(HDC__**) at c:\codeblocks\codeblocks\mingw\include\txlib.h:10937:

  10935: $1  if (_TX_ARGUMENT_FAILED (dc)) return false;
  10936: $   if (                   !*dc)  return false;
=>10937: $   if (_TX_HDC_FAILED     (*dc)) return false;
  10938: 
  10939: $   if (!Win32::GetObjectType (Win32::GetCurrentObject (*dc, OBJ_BITMAP))) return false;

# 1 in bool {anonymous}::TX::txDeleteDC(HDC__**) at c:\codeblocks\codeblocks\mingw\include\txlib.h:13691:

  13689: 
  13690: $   HDC  dc = *pdc;
=>13691: $   bool ok = _txBuffer_Delete (pdc);
  13692: $   if (!ok) return false;
  13693: 

# 2 in bool {anonymous}::TX::txDeleteDC(HDC) at c:\codeblocks\codeblocks\mingw\include\txlib.h:13713:

  13711: bool txDeleteDC (HDC dc)
  13712:     {
=>13713: $1  return txDeleteDC (&dc);
  13714:     }
  13715: 

# 3 in int main() at C:\Елаев Александр\Игра №1 (Сталкер)\Игра №1\main.cpp:564:

    562: txDeleteDC(zast.image_scary);
    563: txDeleteDC(bul5.image);
=>  564: txDeleteDC(bul5.image);
    565: txDeleteDC(bul4.image);
    566: txDeleteDC(bul3.image);

--------------------------------------------------
Developed with:

The Dumb Artist Library (TX Library)
TXLib [Ver: 00173a, Rev: 173, Date: 2024-06-23 22:37:05 +0400]
Copyright (C) Ded (Ilya Dedinsky, http://txlib.ru) <mail@txlib.ru>
See license on: http://txlib.ru

TXLib file:	c:\codeblocks\codeblocks\mingw\include\txlib.h
Compiled:	Feb 27 2025 09:59:11, GNU g++ 4.8.1, std=201103L, MinGW Runtime 3.20, 32-bit, DEBUG
Started:	Feb 27 2025 09:59:28

Run file:	C:\Елаев Александр\Игра №1 (Сталкер)\Игра №1\bin\Debug\Игра №1.exe
Directory:	C:\Елаев Александр\Игра №1 (Сталкер)\Игра №1

--------------------------------------------------

--------------------------------------------------
TXLib соболезнует...

Программа: C:\Елаев Александр\Игра №1 (Сталкер)\Игра №1\bin\Debug\Игра №1.exe, файл: c:\codeblocks\codeblocks\mingw\include\txlib.h, строка: 10937, функция: bool {anonymous}::TX::_txBuffer_Delete(HDC__**),

Сообщение: Параметр "*dc" неверен. Возможно, этот холст не создан, или уже уничтожен, или не загрузилась картинка.

#1: TXLib [Ver: 00173a, Rev: 173, Date: 2024-06-23 22:37:05 +0400], Instance: 0x005092FC (32-bit), Flags: CMdRe0, Thread: 0xDF4 (Main), GetLastError(): 13 (Недопустимые данные). 

--------------------------------------------------
Стек вызовов:



--------------------------------------------------
Стек вызовов TX:

# 0 in bool {anonymous}::TX::_txBuffer_Delete(HDC__**) at c:\codeblocks\codeblocks\mingw\include\txlib.h:10937:

  10935: $1  if (_TX_ARGUMENT_FAILED (dc)) return false;
  10936: $   if (                   !*dc)  return false;
=>10937: $   if (_TX_HDC_FAILED     (*dc)) return false;
  10938: 
  10939: $   if (!Win32::GetObjectType (Win32::GetCurrentObject (*dc, OBJ_BITMAP))) return false;

# 1 in bool {anonymous}::TX::txDeleteDC(HDC__**) at c:\codeblocks\codeblocks\mingw\include\txlib.h:13691:

  13689: 
  13690: $   HDC  dc = *pdc;
=>13691: $   bool ok = _txBuffer_Delete (pdc);
  13692: $   if (!ok) return false;
  13693: 

# 2 in bool {anonymous}::TX::txDeleteDC(HDC) at c:\codeblocks\codeblocks\mingw\include\txlib.h:13713:

  13711: bool txDeleteDC (HDC dc)
  13712:     {
=>13713: $1  return txDeleteDC (&dc);
  13714:     }
  13715: 

# 3 in int main() at C:\Елаев Александр\Игра №1 (Сталкер)\Игра №1\main.cpp:572:

    570: txDeleteDC(zast.image_scary);
    571: txDeleteDC(bul5.image);
=>  572: txDeleteDC(bul5.image);
    573: txDeleteDC(bul4.image);
    574: txDeleteDC(bul3.image);

--------------------------------------------------
Developed with:

The Dumb Artist Library (TX Library)
TXLib [Ver: 00173a, Rev: 173, Date: 2024-06-23 22:37:05 +0400]
Copyright (C) Ded (Ilya Dedinsky, http://txlib.ru) <mail@txlib.ru>
See license on: http://txlib.ru

TXLib file:	c:\codeblocks\codeblocks\mingw\include\txlib.h
Compiled:	Feb 27 2025 10:02:29, GNU g++ 4.8.1, std=201103L, MinGW Runtime 3.20, 32-bit, DEBUG
Started:	Feb 27 2025 10:02:46

Run file:	C:\Елаев Александр\Игра №1 (Сталкер)\Игра №1\bin\Debug\Игра №1.exe
Directory:	C:\Елаев Александр\Игра №1 (Сталкер)\Игра №1

--------------------------------------------------

--------------------------------------------------
TXLib соболезнует...

Программа: C:\Елаев Александр\Игра №1 (Сталкер)\Игра №1\bin\Debug\Игра №1.exe, файл: c:\codeblocks\codeblocks\mingw\include\txlib.h, строка: 10937, функция: bool {anonymous}::TX::_txBuffer_Delete(HDC__**),

Сообщение: Параметр "*dc" неверен. Возможно, этот холст не создан, или уже уничтожен, или не загрузилась картинка.

#1: TXLib [Ver: 00173a, Rev: 173, Date: 2024-06-23 22:37:05 +0400], Instance: 0x005092FC (32-bit), Flags: CMdRe0, Thread: 0x2370 (Main), GetLastError(): 13 (Недопустимые данные). 

--------------------------------------------------
Стек вызовов:



--------------------------------------------------
Стек вызовов TX:

# 0 in bool {anonymous}::TX::_txBuffer_Delete(HDC__**) at c:\codeblocks\codeblocks\mingw\include\txlib.h:10937:

  10935: $1  if (_TX_ARGUMENT_FAILED (dc)) return false;
  10936: $   if (                   !*dc)  return false;
=>10937: $   if (_TX_HDC_FAILED     (*dc)) return false;
  10938: 
  10939: $   if (!Win32::GetObjectType (Win32::GetCurrentObject (*dc, OBJ_BITMAP))) return false;

# 1 in bool {anonymous}::TX::txDeleteDC(HDC__**) at c:\codeblocks\codeblocks\mingw\include\txlib.h:13691:

  13689: 
  13690: $   HDC  dc = *pdc;
=>13691: $   bool ok = _txBuffer_Delete (pdc);
  13692: $   if (!ok) return false;
  13693: 

# 2 in bool {anonymous}::TX::txDeleteDC(HDC) at c:\codeblocks\codeblocks\mingw\include\txlib.h:13713:

  13711: bool txDeleteDC (HDC dc)
  13712:     {
=>13713: $1  return txDeleteDC (&dc);
  13714:     }
  13715: 

# 3 in int main() at C:\Елаев Александр\Игра №1 (Сталкер)\Игра №1\main.cpp:572:

    570: txDeleteDC(zast.image_scary);
    571: txDeleteDC(bul5.image);
=>  572: txDeleteDC(bul5.image);
    573: txDeleteDC(bul4.image);
    574: txDeleteDC(bul3.image);

--------------------------------------------------
Developed with:

The Dumb Artist Library (TX Library)
TXLib [Ver: 00173a, Rev: 173, Date: 2024-06-23 22:37:05 +0400]
Copyright (C) Ded (Ilya Dedinsky, http://txlib.ru) <mail@txlib.ru>
See license on: http://txlib.ru

TXLib file:	c:\codeblocks\codeblocks\mingw\include\txlib.h
Compiled:	Feb 27 2025 10:03:21, GNU g++ 4.8.1, std=201103L, MinGW Runtime 3.20, 32-bit, DEBUG
Started:	Feb 27 2025 10:03:38

Run file:	C:\Елаев Александр\Игра №1 (Сталкер)\Игра №1\bin\Debug\Игра №1.exe
Directory:	C:\Елаев Александр\Игра №1 (Сталкер)\Игра №1

--------------------------------------------------

--------------------------------------------------
TXLib соболезнует...

Программа: C:\Елаев Александр\Игра №1 (Сталкер)\Игра №1\bin\Debug\Игра №1.exe, файл: c:\codeblocks\codeblocks\mingw\include\txlib.h, строка: 10937, функция: bool {anonymous}::TX::_txBuffer_Delete(HDC__**),

Сообщение: Параметр "*dc" неверен. Возможно, этот холст не создан, или уже уничтожен, или не загрузилась картинка.

#1: TXLib [Ver: 00173a, Rev: 173, Date: 2024-06-23 22:37:05 +0400], Instance: 0x005092FC (32-bit), Flags: CMdRe0, Thread: 0x16C4 (Main), GetLastError(): 13 (Недопустимые данные). 

--------------------------------------------------
Стек вызовов:



--------------------------------------------------
Стек вызовов TX:

# 0 in bool {anonymous}::TX::_txBuffer_Delete(HDC__**) at c:\codeblocks\codeblocks\mingw\include\txlib.h:10937:

  10935: $1  if (_TX_ARGUMENT_FAILED (dc)) return false;
  10936: $   if (                   !*dc)  return false;
=>10937: $   if (_TX_HDC_FAILED     (*dc)) return false;
  10938: 
  10939: $   if (!Win32::GetObjectType (Win32::GetCurrentObject (*dc, OBJ_BITMAP))) return false;

# 1 in bool {anonymous}::TX::txDeleteDC(HDC__**) at c:\codeblocks\codeblocks\mingw\include\txlib.h:13691:

  13689: 
  13690: $   HDC  dc = *pdc;
=>13691: $   bool ok = _txBuffer_Delete (pdc);
  13692: $   if (!ok) return false;
  13693: 

# 2 in bool {anonymous}::TX::txDeleteDC(HDC) at c:\codeblocks\codeblocks\mingw\include\txlib.h:13713:

  13711: bool txDeleteDC (HDC dc)
  13712:     {
=>13713: $1  return txDeleteDC (&dc);
  13714:     }
  13715: 

# 3 in int main() at C:\Елаев Александр\Игра №1 (Сталкер)\Игра №1\main.cpp:573:

    571: txDeleteDC(zast.image_scary);
    572: txDeleteDC(bul5.image);
=>  573: txDeleteDC(bul5.image);
    574: txDeleteDC(bul4.image);
    575: txDeleteDC(bul3.image);

--------------------------------------------------
Developed with:

The Dumb Artist Library (TX Library)
TXLib [Ver: 00173a, Rev: 173, Date: 2024-06-23 22:37:05 +0400]
Copyright (C) Ded (Ilya Dedinsky, http://txlib.ru) <mail@txlib.ru>
See license on: http://txlib.ru

TXLib file:	c:\codeblocks\codeblocks\mingw\include\txlib.h
Compiled:	Feb 27 2025 10:05:28, GNU g++ 4.8.1, std=201103L, MinGW Runtime 3.20, 32-bit, DEBUG
Started:	Feb 27 2025 10:05:45

Run file:	C:\Елаев Александр\Игра №1 (Сталкер)\Игра №1\bin\Debug\Игра №1.exe
Directory:	C:\Елаев Александр\Игра №1 (Сталкер)\Игра №1

--------------------------------------------------

--------------------------------------------------
TXLib соболезнует...

Программа: C:\Елаев Александр\Игра №1 (Сталкер)\Игра №1\bin\Debug\Игра №1.exe, файл: c:\codeblocks\codeblocks\mingw\include\txlib.h, строка: 10937, функция: bool {anonymous}::TX::_txBuffer_Delete(HDC__**),

Сообщение: Параметр "*dc" неверен. Возможно, этот холст не создан, или уже уничтожен, или не загрузилась картинка.

#1: TXLib [Ver: 00173a, Rev: 173, Date: 2024-06-23 22:37:05 +0400], Instance: 0x005092FC (32-bit), Flags: CMdRe0, Thread: 0x3D4 (Main), GetLastError(): 13 (Недопустимые данные). 

--------------------------------------------------
Стек вызовов:



--------------------------------------------------
Стек вызовов TX:

# 0 in bool {anonymous}::TX::_txBuffer_Delete(HDC__**) at c:\codeblocks\codeblocks\mingw\include\txlib.h:10937:

  10935: $1  if (_TX_ARGUMENT_FAILED (dc)) return false;
  10936: $   if (                   !*dc)  return false;
=>10937: $   if (_TX_HDC_FAILED     (*dc)) return false;
  10938: 
  10939: $   if (!Win32::GetObjectType (Win32::GetCurrentObject (*dc, OBJ_BITMAP))) return false;

# 1 in bool {anonymous}::TX::txDeleteDC(HDC__**) at c:\codeblocks\codeblocks\mingw\include\txlib.h:13691:

  13689: 
  13690: $   HDC  dc = *pdc;
=>13691: $   bool ok = _txBuffer_Delete (pdc);
  13692: $   if (!ok) return false;
  13693: 

# 2 in bool {anonymous}::TX::txDeleteDC(HDC) at c:\codeblocks\codeblocks\mingw\include\txlib.h:13713:

  13711: bool txDeleteDC (HDC dc)
  13712:     {
=>13713: $1  return txDeleteDC (&dc);
  13714:     }
  13715: 

# 3 in int main() at C:\Елаев Александр\Игра №1 (Сталкер)\Игра №1\main.cpp:573:

    571: txDeleteDC(zast.image_scary);
    572: txDeleteDC(bul5.image);
=>  573: txDeleteDC(bul5.image);
    574: txDeleteDC(bul4.image);
    575: txDeleteDC(bul3.image);

--------------------------------------------------
Developed with:

The Dumb Artist Library (TX Library)
TXLib [Ver: 00173a, Rev: 173, Date: 2024-06-23 22:37:05 +0400]
Copyright (C) Ded (Ilya Dedinsky, http://txlib.ru) <mail@txlib.ru>
See license on: http://txlib.ru

TXLib file:	c:\codeblocks\codeblocks\mingw\include\txlib.h
Compiled:	Feb 27 2025 10:08:36, GNU g++ 4.8.1, std=201103L, MinGW Runtime 3.20, 32-bit, DEBUG
Started:	Feb 27 2025 10:08:53

Run file:	C:\Елаев Александр\Игра №1 (Сталкер)\Игра №1\bin\Debug\Игра №1.exe
Directory:	C:\Елаев Александр\Игра №1 (Сталкер)\Игра №1

--------------------------------------------------

--------------------------------------------------
TXLib соболезнует...

Программа: C:\Елаев Александр\Игра №1 (Сталкер)\Игра №1\bin\Debug\Игра №1.exe, файл: c:\codeblocks\codeblocks\mingw\include\txlib.h, строка: 10937, функция: bool {anonymous}::TX::_txBuffer_Delete(HDC__**),

Сообщение: Параметр "*dc" неверен. Возможно, этот холст не создан, или уже уничтожен, или не загрузилась картинка.

#1: TXLib [Ver: 00173a, Rev: 173, Date: 2024-06-23 22:37:05 +0400], Instance: 0x005092FC (32-bit), Flags: CMdRe0, Thread: 0x2AA0 (Main), GetLastError(): 13 (Недопустимые данные). 

--------------------------------------------------
Стек вызовов:



--------------------------------------------------
Стек вызовов TX:

# 0 in bool {anonymous}::TX::_txBuffer_Delete(HDC__**) at c:\codeblocks\codeblocks\mingw\include\txlib.h:10937:

  10935: $1  if (_TX_ARGUMENT_FAILED (dc)) return false;
  10936: $   if (                   !*dc)  return false;
=>10937: $   if (_TX_HDC_FAILED     (*dc)) return false;
  10938: 
  10939: $   if (!Win32::GetObjectType (Win32::GetCurrentObject (*dc, OBJ_BITMAP))) return false;

# 1 in bool {anonymous}::TX::txDeleteDC(HDC__**) at c:\codeblocks\codeblocks\mingw\include\txlib.h:13691:

  13689: 
  13690: $   HDC  dc = *pdc;
=>13691: $   bool ok = _txBuffer_Delete (pdc);
  13692: $   if (!ok) return false;
  13693: 

# 2 in bool {anonymous}::TX::txDeleteDC(HDC) at c:\codeblocks\codeblocks\mingw\include\txlib.h:13713:

  13711: bool txDeleteDC (HDC dc)
  13712:     {
=>13713: $1  return txDeleteDC (&dc);
  13714:     }
  13715: 

# 3 in int main() at C:\Елаев Александр\Игра №1 (Сталкер)\Игра №1\main.cpp:572:

    570: txDeleteDC(zast.image_scary);
    571: txDeleteDC(bul5.image);
=>  572: txDeleteDC(bul5.image);
    573: txDeleteDC(bul4.image);
    574: txDeleteDC(bul3.image);

--------------------------------------------------
Developed with:

The Dumb Artist Library (TX Library)
TXLib [Ver: 00173a, Rev: 173, Date: 2024-06-23 22:37:05 +0400]
Copyright (C) Ded (Ilya Dedinsky, http://txlib.ru) <mail@txlib.ru>
See license on: http://txlib.ru

TXLib file:	c:\codeblocks\codeblocks\mingw\include\txlib.h
Compiled:	Feb 27 2025 10:12:19, GNU g++ 4.8.1, std=201103L, MinGW Runtime 3.20, 32-bit, DEBUG
Started:	Feb 27 2025 10:12:37

Run file:	C:\Елаев Александр\Игра №1 (Сталкер)\Игра №1\bin\Debug\Игра №1.exe
Directory:	C:\Елаев Александр\Игра №1 (Сталкер)\Игра №1

--------------------------------------------------

--------------------------------------------------
TXLib соболезнует...

Программа: C:\Елаев Александр\Игра №1 (Сталкер)\Игра №1\bin\Debug\Игра №1.exe, файл: c:\codeblocks\codeblocks\mingw\include\txlib.h, строка: 10937, функция: bool {anonymous}::TX::_txBuffer_Delete(HDC__**),

Сообщение: Параметр "*dc" неверен. Возможно, этот холст не создан, или уже уничтожен, или не загрузилась картинка.

#1: TXLib [Ver: 00173a, Rev: 173, Date: 2024-06-23 22:37:05 +0400], Instance: 0x005092FC (32-bit), Flags: CMdRe0, Thread: 0x2950 (Main), GetLastError(): 13 (Недопустимые данные). 

--------------------------------------------------
Стек вызовов:



--------------------------------------------------
Стек вызовов TX:

# 0 in bool {anonymous}::TX::_txBuffer_Delete(HDC__**) at c:\codeblocks\codeblocks\mingw\include\txlib.h:10937:

  10935: $1  if (_TX_ARGUMENT_FAILED (dc)) return false;
  10936: $   if (                   !*dc)  return false;
=>10937: $   if (_TX_HDC_FAILED     (*dc)) return false;
  10938: 
  10939: $   if (!Win32::GetObjectType (Win32::GetCurrentObject (*dc, OBJ_BITMAP))) return false;

# 1 in bool {anonymous}::TX::txDeleteDC(HDC__**) at c:\codeblocks\codeblocks\mingw\include\txlib.h:13691:

  13689: 
  13690: $   HDC  dc = *pdc;
=>13691: $   bool ok = _txBuffer_Delete (pdc);
  13692: $   if (!ok) return false;
  13693: 

# 2 in bool {anonymous}::TX::txDeleteDC(HDC) at c:\codeblocks\codeblocks\mingw\include\txlib.h:13713:

  13711: bool txDeleteDC (HDC dc)
  13712:     {
=>13713: $1  return txDeleteDC (&dc);
  13714:     }
  13715: 

# 3 in int main() at C:\Елаев Александр\Игра №1 (Сталкер)\Игра №1\main.cpp:575:

    573: txDeleteDC(zast.image_scary);
    574: txDeleteDC(bul5.image);
=>  575: txDeleteDC(bul5.image);
    576: txDeleteDC(bul4.image);
    577: txDeleteDC(bul3.image);

--------------------------------------------------
Developed with:

The Dumb Artist Library (TX Library)
TXLib [Ver: 00173a, Rev: 173, Date: 2024-06-23 22:37:05 +0400]
Copyright (C) Ded (Ilya Dedinsky, http://txlib.ru) <mail@txlib.ru>
See license on: http://txlib.ru

TXLib file:	c:\codeblocks\codeblocks\mingw\include\txlib.h
Compiled:	Feb 27 2025 10:14:15, GNU g++ 4.8.1, std=201103L, MinGW Runtime 3.20, 32-bit, DEBUG
Started:	Feb 27 2025 10:14:32

Run file:	C:\Елаев Александр\Игра №1 (Сталкер)\Игра №1\bin\Debug\Игра №1.exe
Directory:	C:\Елаев Александр\Игра №1 (Сталкер)\Игра №1

--------------------------------------------------

--------------------------------------------------
TXLib соболезнует...

Программа: C:\Елаев Александр\Игра №1 (Сталкер)\Игра №1\bin\Debug\Игра №1.exe, файл: c:\codeblocks\codeblocks\mingw\include\txlib.h, строка: 10937, функция: bool {anonymous}::TX::_txBuffer_Delete(HDC__**),

Сообщение: Параметр "*dc" неверен. Возможно, этот холст не создан, или уже уничтожен, или не загрузилась картинка.

#1: TXLib [Ver: 00173a, Rev: 173, Date: 2024-06-23 22:37:05 +0400], Instance: 0x005092FC (32-bit), Flags: CMdRe0, Thread: 0x3EC (Main), GetLastError(): 13 (Недопустимые данные). 

--------------------------------------------------
Стек вызовов:



--------------------------------------------------
Стек вызовов TX:

# 0 in bool {anonymous}::TX::_txBuffer_Delete(HDC__**) at c:\codeblocks\codeblocks\mingw\include\txlib.h:10937:

  10935: $1  if (_TX_ARGUMENT_FAILED (dc)) return false;
  10936: $   if (                   !*dc)  return false;
=>10937: $   if (_TX_HDC_FAILED     (*dc)) return false;
  10938: 
  10939: $   if (!Win32::GetObjectType (Win32::GetCurrentObject (*dc, OBJ_BITMAP))) return false;

# 1 in bool {anonymous}::TX::txDeleteDC(HDC__**) at c:\codeblocks\codeblocks\mingw\include\txlib.h:13691:

  13689: 
  13690: $   HDC  dc = *pdc;
=>13691: $   bool ok = _txBuffer_Delete (pdc);
  13692: $   if (!ok) return false;
  13693: 

# 2 in bool {anonymous}::TX::txDeleteDC(HDC) at c:\codeblocks\codeblocks\mingw\include\txlib.h:13713:

  13711: bool txDeleteDC (HDC dc)
  13712:     {
=>13713: $1  return txDeleteDC (&dc);
  13714:     }
  13715: 

# 3 in int main() at C:\Елаев Александр\Игра №1 (Сталкер)\Игра №1\main.cpp:575:

    573: txDeleteDC(zast.image_scary);
    574: txDeleteDC(bul5.image);
=>  575: txDeleteDC(bul5.image);
    576: txDeleteDC(bul4.image);
    577: txDeleteDC(bul3.image);

--------------------------------------------------
Developed with:

The Dumb Artist Library (TX Library)
TXLib [Ver: 00173a, Rev: 173, Date: 2024-06-23 22:37:05 +0400]
Copyright (C) Ded (Ilya Dedinsky, http://txlib.ru) <mail@txlib.ru>
See license on: http://txlib.ru

TXLib file:	c:\codeblocks\codeblocks\mingw\include\txlib.h
Compiled:	Feb 27 2025 10:15:27, GNU g++ 4.8.1, std=201103L, MinGW Runtime 3.20, 32-bit, DEBUG
Started:	Feb 27 2025 10:15:55

Run file:	C:\Елаев Александр\Игра №1 (Сталкер)\Игра №1\bin\Debug\Игра №1.exe
Directory:	C:\Елаев Александр\Игра №1 (Сталкер)\Игра №1

--------------------------------------------------

--------------------------------------------------
TXLib соболезнует...

Программа: C:\Елаев Александр\Игра №1 (Сталкер)\Игра №1\bin\Debug\Игра №1.exe, файл: c:\codeblocks\codeblocks\mingw\include\txlib.h, строка: 10937, функция: bool {anonymous}::TX::_txBuffer_Delete(HDC__**),

Сообщение: Параметр "*dc" неверен. Возможно, этот холст не создан, или уже уничтожен, или не загрузилась картинка.

#1: TXLib [Ver: 00173a, Rev: 173, Date: 2024-06-23 22:37:05 +0400], Instance: 0x005092FC (32-bit), Flags: CMdRe0, Thread: 0x35C (Main), GetLastError(): 13 (Недопустимые данные). 

--------------------------------------------------
Стек вызовов:



--------------------------------------------------
Стек вызовов TX:

# 0 in bool {anonymous}::TX::_txBuffer_Delete(HDC__**) at c:\codeblocks\codeblocks\mingw\include\txlib.h:10937:

  10935: $1  if (_TX_ARGUMENT_FAILED (dc)) return false;
  10936: $   if (                   !*dc)  return false;
=>10937: $   if (_TX_HDC_FAILED     (*dc)) return false;
  10938: 
  10939: $   if (!Win32::GetObjectType (Win32::GetCurrentObject (*dc, OBJ_BITMAP))) return false;

# 1 in bool {anonymous}::TX::txDeleteDC(HDC__**) at c:\codeblocks\codeblocks\mingw\include\txlib.h:13691:

  13689: 
  13690: $   HDC  dc = *pdc;
=>13691: $   bool ok = _txBuffer_Delete (pdc);
  13692: $   if (!ok) return false;
  13693: 

# 2 in bool {anonymous}::TX::txDeleteDC(HDC) at c:\codeblocks\codeblocks\mingw\include\txlib.h:13713:

  13711: bool txDeleteDC (HDC dc)
  13712:     {
=>13713: $1  return txDeleteDC (&dc);
  13714:     }
  13715: 

# 3 in int main() at C:\Елаев Александр\Игра №1 (Сталкер)\Игра №1\main.cpp:573:

    571: txDeleteDC(zast.image_scary);
    572: txDeleteDC(bul5.image);
=>  573: txDeleteDC(bul5.image);
    574: txDeleteDC(bul4.image);
    575: txDeleteDC(bul3.image);

--------------------------------------------------
Developed with:

The Dumb Artist Library (TX Library)
TXLib [Ver: 00173a, Rev: 173, Date: 2024-06-23 22:37:05 +0400]
Copyright (C) Ded (Ilya Dedinsky, http://txlib.ru) <mail@txlib.ru>
See license on: http://txlib.ru

TXLib file:	c:\codeblocks\codeblocks\mingw\include\txlib.h
Compiled:	Feb 27 2025 10:16:17, GNU g++ 4.8.1, std=201103L, MinGW Runtime 3.20, 32-bit, DEBUG
Started:	Feb 27 2025 10:16:37

Run file:	C:\Елаев Александр\Игра №1 (Сталкер)\Игра №1\bin\Debug\Игра №1.exe
Directory:	C:\Елаев Александр\Игра №1 (Сталкер)\Игра №1

--------------------------------------------------

--------------------------------------------------
TXLib соболезнует...

Программа: C:\Елаев Александр\Игра №1 (Сталкер)\Игра №1\bin\Debug\Игра №1.exe, файл: c:\codeblocks\codeblocks\mingw\include\txlib.h, строка: 10937, функция: bool {anonymous}::TX::_txBuffer_Delete(HDC__**),

Сообщение: Параметр "*dc" неверен. Возможно, этот холст не создан, или уже уничтожен, или не загрузилась картинка.

#1: TXLib [Ver: 00173a, Rev: 173, Date: 2024-06-23 22:37:05 +0400], Instance: 0x005092FC (32-bit), Flags: CMdRe0, Thread: 0x16AC (Main), GetLastError(): 13 (Недопустимые данные). 

--------------------------------------------------
Стек вызовов:



--------------------------------------------------
Стек вызовов TX:

# 0 in bool {anonymous}::TX::_txBuffer_Delete(HDC__**) at c:\codeblocks\codeblocks\mingw\include\txlib.h:10937:

  10935: $1  if (_TX_ARGUMENT_FAILED (dc)) return false;
  10936: $   if (                   !*dc)  return false;
=>10937: $   if (_TX_HDC_FAILED     (*dc)) return false;
  10938: 
  10939: $   if (!Win32::GetObjectType (Win32::GetCurrentObject (*dc, OBJ_BITMAP))) return false;

# 1 in bool {anonymous}::TX::txDeleteDC(HDC__**) at c:\codeblocks\codeblocks\mingw\include\txlib.h:13691:

  13689: 
  13690: $   HDC  dc = *pdc;
=>13691: $   bool ok = _txBuffer_Delete (pdc);
  13692: $   if (!ok) return false;
  13693: 

# 2 in bool {anonymous}::TX::txDeleteDC(HDC) at c:\codeblocks\codeblocks\mingw\include\txlib.h:13713:

  13711: bool txDeleteDC (HDC dc)
  13712:     {
=>13713: $1  return txDeleteDC (&dc);
  13714:     }
  13715: 

# 3 in int main() at C:\Елаев Александр\Игра №1 (Сталкер)\Игра №1\main.cpp:573:

    571: txDeleteDC(zast.image_scary);
    572: txDeleteDC(bul5.image);
=>  573: txDeleteDC(bul5.image);
    574: txDeleteDC(bul4.image);
    575: txDeleteDC(bul3.image);

--------------------------------------------------
Developed with:

The Dumb Artist Library (TX Library)
TXLib [Ver: 00173a, Rev: 173, Date: 2024-06-23 22:37:05 +0400]
Copyright (C) Ded (Ilya Dedinsky, http://txlib.ru) <mail@txlib.ru>
See license on: http://txlib.ru

TXLib file:	c:\codeblocks\codeblocks\mingw\include\txlib.h
Compiled:	Feb 27 2025 10:16:58, GNU g++ 4.8.1, std=201103L, MinGW Runtime 3.20, 32-bit, DEBUG
Started:	Feb 27 2025 10:17:18

Run file:	C:\Елаев Александр\Игра №1 (Сталкер)\Игра №1\bin\Debug\Игра №1.exe
Directory:	C:\Елаев Александр\Игра №1 (Сталкер)\Игра №1

--------------------------------------------------

--------------------------------------------------
TXLib соболезнует...

Программа: C:\Елаев Александр\Игра №1 (Сталкер)\Игра №1\bin\Debug\Игра №1.exe, файл: c:\codeblocks\codeblocks\mingw\include\txlib.h, строка: 10937, функция: bool {anonymous}::TX::_txBuffer_Delete(HDC__**),

Сообщение: Параметр "*dc" неверен. Возможно, этот холст не создан, или уже уничтожен, или не загрузилась картинка.

#1: TXLib [Ver: 00173a, Rev: 173, Date: 2024-06-23 22:37:05 +0400], Instance: 0x005092FC (32-bit), Flags: CMdRe0, Thread: 0x27D4 (Main), GetLastError(): 13 (Недопустимые данные). 

--------------------------------------------------
Стек вызовов:



--------------------------------------------------
Стек вызовов TX:

# 0 in bool {anonymous}::TX::_txBuffer_Delete(HDC__**) at c:\codeblocks\codeblocks\mingw\include\txlib.h:10937:

  10935: $1  if (_TX_ARGUMENT_FAILED (dc)) return false;
  10936: $   if (                   !*dc)  return false;
=>10937: $   if (_TX_HDC_FAILED     (*dc)) return false;
  10938: 
  10939: $   if (!Win32::GetObjectType (Win32::GetCurrentObject (*dc, OBJ_BITMAP))) return false;

# 1 in bool {anonymous}::TX::txDeleteDC(HDC__**) at c:\codeblocks\codeblocks\mingw\include\txlib.h:13691:

  13689: 
  13690: $   HDC  dc = *pdc;
=>13691: $   bool ok = _txBuffer_Delete (pdc);
  13692: $   if (!ok) return false;
  13693: 

# 2 in bool {anonymous}::TX::txDeleteDC(HDC) at c:\codeblocks\codeblocks\mingw\include\txlib.h:13713:

  13711: bool txDeleteDC (HDC dc)
  13712:     {
=>13713: $1  return txDeleteDC (&dc);
  13714:     }
  13715: 

# 3 in int main() at C:\Елаев Александр\Игра №1 (Сталкер)\Игра №1\main.cpp:573:

    571: txDeleteDC(zast.image_scary);
    572: txDeleteDC(bul5.image);
=>  573: txDeleteDC(bul5.image);
    574: txDeleteDC(bul4.image);
    575: txDeleteDC(bul3.image);

--------------------------------------------------
Developed with:

The Dumb Artist Library (TX Library)
TXLib [Ver: 00173a, Rev: 173, Date: 2024-06-23 22:37:05 +0400]
Copyright (C) Ded (Ilya Dedinsky, http://txlib.ru) <mail@txlib.ru>
See license on: http://txlib.ru

TXLib file:	c:\codeblocks\codeblocks\mingw\include\txlib.h
Compiled:	Feb 27 2025 10:17:41, GNU g++ 4.8.1, std=201103L, MinGW Runtime 3.20, 32-bit, DEBUG
Started:	Feb 27 2025 10:18:01

Run file:	C:\Елаев Александр\Игра №1 (Сталкер)\Игра №1\bin\Debug\Игра №1.exe
Directory:	C:\Елаев Александр\Игра №1 (Сталкер)\Игра №1

--------------------------------------------------

--------------------------------------------------
TXLib соболезнует...

Программа: C:\Елаев Александр\Игра №1 (Сталкер)\Игра №1\bin\Debug\Игра №1.exe, файл: c:\codeblocks\codeblocks\mingw\include\txlib.h, строка: 10937, функция: bool {anonymous}::TX::_txBuffer_Delete(HDC__**),

Сообщение: Параметр "*dc" неверен. Возможно, этот холст не создан, или уже уничтожен, или не загрузилась картинка.

#1: TXLib [Ver: 00173a, Rev: 173, Date: 2024-06-23 22:37:05 +0400], Instance: 0x005092FC (32-bit), Flags: CMdRe0, Thread: 0x1A58 (Main), GetLastError(): 13 (Недопустимые данные). 

--------------------------------------------------
Стек вызовов:



--------------------------------------------------
Стек вызовов TX:

# 0 in bool {anonymous}::TX::_txBuffer_Delete(HDC__**) at c:\codeblocks\codeblocks\mingw\include\txlib.h:10937:

  10935: $1  if (_TX_ARGUMENT_FAILED (dc)) return false;
  10936: $   if (                   !*dc)  return false;
=>10937: $   if (_TX_HDC_FAILED     (*dc)) return false;
  10938: 
  10939: $   if (!Win32::GetObjectType (Win32::GetCurrentObject (*dc, OBJ_BITMAP))) return false;

# 1 in bool {anonymous}::TX::txDeleteDC(HDC__**) at c:\codeblocks\codeblocks\mingw\include\txlib.h:13691:

  13689: 
  13690: $   HDC  dc = *pdc;
=>13691: $   bool ok = _txBuffer_Delete (pdc);
  13692: $   if (!ok) return false;
  13693: 

# 2 in bool {anonymous}::TX::txDeleteDC(HDC) at c:\codeblocks\codeblocks\mingw\include\txlib.h:13713:

  13711: bool txDeleteDC (HDC dc)
  13712:     {
=>13713: $1  return txDeleteDC (&dc);
  13714:     }
  13715: 

# 3 in int main() at C:\Елаев Александр\Игра №1 (Сталкер)\Игра №1\main.cpp:584:

    582: txDeleteDC(zast.image_scary);
    583: txDeleteDC(bul5.image);
=>  584: txDeleteDC(bul5.image);
    585: txDeleteDC(bul4.image);
    586: txDeleteDC(bul3.image);

--------------------------------------------------
Developed with:

The Dumb Artist Library (TX Library)
TXLib [Ver: 00173a, Rev: 173, Date: 2024-06-23 22:37:05 +0400]
Copyright (C) Ded (Ilya Dedinsky, http://txlib.ru) <mail@txlib.ru>
See license on: http://txlib.ru

TXLib file:	c:\codeblocks\codeblocks\mingw\include\txlib.h
Compiled:	Feb 27 2025 10:21:57, GNU g++ 4.8.1, std=201103L, MinGW Runtime 3.20, 32-bit, DEBUG
Started:	Feb 27 2025 10:22:15

Run file:	C:\Елаев Александр\Игра №1 (Сталкер)\Игра №1\bin\Debug\Игра №1.exe
Directory:	C:\Елаев Александр\Игра №1 (Сталкер)\Игра №1

--------------------------------------------------

--------------------------------------------------
TXLib соболезнует...

Программа: C:\Елаев Александр\Игра №1 (Сталкер)\Игра №1\bin\Debug\Игра №1.exe, файл: c:\codeblocks\codeblocks\mingw\include\txlib.h, строка: 10937, функция: bool {anonymous}::TX::_txBuffer_Delete(HDC__**),

Сообщение: Параметр "*dc" неверен. Возможно, этот холст не создан, или уже уничтожен, или не загрузилась картинка.

#1: TXLib [Ver: 00173a, Rev: 173, Date: 2024-06-23 22:37:05 +0400], Instance: 0x005092FC (32-bit), Flags: CMdRe0, Thread: 0x2BDC (Main), GetLastError(): 13 (Недопустимые данные). 

--------------------------------------------------
Стек вызовов:



--------------------------------------------------
Стек вызовов TX:

# 0 in bool {anonymous}::TX::_txBuffer_Delete(HDC__**) at c:\codeblocks\codeblocks\mingw\include\txlib.h:10937:

  10935: $1  if (_TX_ARGUMENT_FAILED (dc)) return false;
  10936: $   if (                   !*dc)  return false;
=>10937: $   if (_TX_HDC_FAILED     (*dc)) return false;
  10938: 
  10939: $   if (!Win32::GetObjectType (Win32::GetCurrentObject (*dc, OBJ_BITMAP))) return false;

# 1 in bool {anonymous}::TX::txDeleteDC(HDC__**) at c:\codeblocks\codeblocks\mingw\include\txlib.h:13691:

  13689: 
  13690: $   HDC  dc = *pdc;
=>13691: $   bool ok = _txBuffer_Delete (pdc);
  13692: $   if (!ok) return false;
  13693: 

# 2 in bool {anonymous}::TX::txDeleteDC(HDC) at c:\codeblocks\codeblocks\mingw\include\txlib.h:13713:

  13711: bool txDeleteDC (HDC dc)
  13712:     {
=>13713: $1  return txDeleteDC (&dc);
  13714:     }
  13715: 

# 3 in int main() at C:\Елаев Александр\Игра №1 (Сталкер)\Игра №1\main.cpp:584:

    582: txDeleteDC(zast.image_scary);
    583: txDeleteDC(bul5.image);
=>  584: txDeleteDC(bul5.image);
    585: txDeleteDC(bul4.image);
    586: txDeleteDC(bul3.image);

--------------------------------------------------
Developed with:

The Dumb Artist Library (TX Library)
TXLib [Ver: 00173a, Rev: 173, Date: 2024-06-23 22:37:05 +0400]
Copyright (C) Ded (Ilya Dedinsky, http://txlib.ru) <mail@txlib.ru>
See license on: http://txlib.ru

TXLib file:	c:\codeblocks\codeblocks\mingw\include\txlib.h
Compiled:	Feb 27 2025 10:22:46, GNU g++ 4.8.1, std=201103L, MinGW Runtime 3.20, 32-bit, DEBUG
Started:	Feb 27 2025 10:23:03

Run file:	C:\Елаев Александр\Игра №1 (Сталкер)\Игра №1\bin\Debug\Игра №1.exe
Directory:	C:\Елаев Александр\Игра №1 (Сталкер)\Игра №1

--------------------------------------------------
